<?xml version="1.0" encoding="UTF-8"?>
<!-- Generated by org.testng.reporters.JUnitXMLReporter -->
<testsuite hostname="Tonimas-MacBook-Air.local" ignored="0" name="Different Automation Practice feature test" tests="12" failures="1" timestamp="2019-12-10T13:14:50 EST" time="117.356" errors="0">
  <testcase name="validateTitleOfSignInPageTest" time="0.052" classname="com.autoprac.qa.testcases.SignInPageTest"/>
  <testcase name="SignInTest" time="1.757" classname="com.autoprac.qa.testcases.SignInPageTest"/>
  <testcase name="clickOnForgotPasswdLinkTest" time="5.118" classname="com.autoprac.qa.testcases.SignInPageTest"/>
  <testcase name="createAccountTest" time="5.319" classname="com.autoprac.qa.testcases.SignInPageTest"/>
  <testcase name="verifyLogoIsDisplayedTest" time="0.285" classname="com.autoprac.qa.testcases.HomePageTest"/>
  <testcase name="clickOnSignInLinkTest" time="7.079" classname="com.autoprac.qa.testcases.HomePageTest"/>
  <testcase name="getRegistrationPageTest" time="1.273" classname="com.autoprac.qa.testcases.HomePageTest"/>
  <testcase name="clickOnContactLinkTest" time="6.447" classname="com.autoprac.qa.testcases.HomePageTest"/>
  <testcase name="verifyHomePageTitleTest" time="0.142" classname="com.autoprac.qa.testcases.HomePageTest"/>
  <testcase name="searchItemTest" time="1.419" classname="com.autoprac.qa.testcases.HomePageTest"/>
  <testcase name="read" time="0.006" classname="com.autoprac.qa.testcases.RegistrationPageTest"/>
  <testcase name="validateRegistration" time="10.424" classname="com.autoprac.qa.testcases.RegistrationPageTest">
    <failure type="org.openqa.selenium.NoSuchElementException" message="no such element: Unable to locate element: {&amp;quot;method&amp;quot;:&amp;quot;css selector&amp;quot;,&amp;quot;selector&amp;quot;:&amp;quot;#customer_firstname&amp;quot;}
  (Session info: chrome=78.0.3904.108)
For documentation on this error, please visit: https://www.seleniumhq.org/exceptions/no_such_element.html
Build info: version: &amp;apos;3.141.59&amp;apos;, revision: &amp;apos;e82be7d358&amp;apos;, time: &amp;apos;2018-11-14T08:17:03&amp;apos;
System info: host: &amp;apos;Tonimas-MacBook-Air.local&amp;apos;, ip: &amp;apos;fe80:0:0:0:1834:fac9:fc32:e654%en0&amp;apos;, os.name: &amp;apos;Mac OS X&amp;apos;, os.arch: &amp;apos;x86_64&amp;apos;, os.version: &amp;apos;10.15.1&amp;apos;, java.version: &amp;apos;1.8.0_131&amp;apos;
Driver info: org.openqa.selenium.chrome.ChromeDriver
Capabilities {acceptInsecureCerts: false, browserName: chrome, browserVersion: 78.0.3904.108, chrome: {chromedriverVersion: 78.0.3904.70 (edb9c9f3de024..., userDataDir: /var/folders/kq/djv8wj7n0cz...}, goog:chromeOptions: {debuggerAddress: localhost:51964}, javascriptEnabled: true, networkConnectionEnabled: false, pageLoadStrategy: normal, platform: MAC, platformName: MAC, proxy: Proxy(), setWindowRect: true, strictFileInteractability: false, timeouts: {implicit: 0, pageLoad: 300000, script: 30000}, unhandledPromptBehavior: dismiss and notify}
Session ID: a3eb5924b47f591a0c284e4e58f67564
*** Element info: {Using=id, value=customer_firstname}">
      <![CDATA[org.openqa.selenium.NoSuchElementException: no such element: Unable to locate element: {"method":"css selector","selector":"#customer_firstname"}
  (Session info: chrome=78.0.3904.108)
For documentation on this error, please visit: https://www.seleniumhq.org/exceptions/no_such_element.html
Build info: version: '3.141.59', revision: 'e82be7d358', time: '2018-11-14T08:17:03'
System info: host: 'Tonimas-MacBook-Air.local', ip: 'fe80:0:0:0:1834:fac9:fc32:e654%en0', os.name: 'Mac OS X', os.arch: 'x86_64', os.version: '10.15.1', java.version: '1.8.0_131'
Driver info: org.openqa.selenium.chrome.ChromeDriver
Capabilities {acceptInsecureCerts: false, browserName: chrome, browserVersion: 78.0.3904.108, chrome: {chromedriverVersion: 78.0.3904.70 (edb9c9f3de024..., userDataDir: /var/folders/kq/djv8wj7n0cz...}, goog:chromeOptions: {debuggerAddress: localhost:51964}, javascriptEnabled: true, networkConnectionEnabled: false, pageLoadStrategy: normal, platform: MAC, platformName: MAC, proxy: Proxy(), setWindowRect: true, strictFileInteractability: false, timeouts: {implicit: 0, pageLoad: 300000, script: 30000}, unhandledPromptBehavior: dismiss and notify}
Session ID: a3eb5924b47f591a0c284e4e58f67564
*** Element info: {Using=id, value=customer_firstname}
at org.openqa.selenium.remote.http.W3CHttpResponseCodec.createException(W3CHttpResponseCodec.java:187)
at org.openqa.selenium.remote.http.W3CHttpResponseCodec.decode(W3CHttpResponseCodec.java:122)
at org.openqa.selenium.remote.http.W3CHttpResponseCodec.decode(W3CHttpResponseCodec.java:49)
at org.openqa.selenium.remote.HttpCommandExecutor.execute(HttpCommandExecutor.java:158)
at org.openqa.selenium.remote.service.DriverCommandExecutor.execute(DriverCommandExecutor.java:83)
at org.openqa.selenium.remote.RemoteWebDriver.execute(RemoteWebDriver.java:552)
at org.openqa.selenium.remote.RemoteWebDriver.findElement(RemoteWebDriver.java:323)
at org.openqa.selenium.remote.RemoteWebDriver.findElementById(RemoteWebDriver.java:372)
at org.openqa.selenium.By$ById.findElement(By.java:188)
at org.openqa.selenium.remote.RemoteWebDriver.findElement(RemoteWebDriver.java:315)
at org.openqa.selenium.support.events.EventFiringWebDriver.lambda$new$1(EventFiringWebDriver.java:105)
at com.sun.proxy.$Proxy10.findElement(Unknown Source)
at org.openqa.selenium.support.events.EventFiringWebDriver.findElement(EventFiringWebDriver.java:194)
at org.openqa.selenium.support.pagefactory.DefaultElementLocator.findElement(DefaultElementLocator.java:69)
at org.openqa.selenium.support.pagefactory.internal.LocatingElementHandler.invoke(LocatingElementHandler.java:38)
at com.sun.proxy.$Proxy14.sendKeys(Unknown Source)
at com.autoprac.qa.pages.RegistrationPage.validateRegistration(RegistrationPage.java:85)
at com.autoprac.qa.testcases.RegistrationPageTest.validateRegistration(RegistrationPageTest.java:64)
at java.util.ArrayList.forEach(ArrayList.java:1249)
... Removed 38 stack frames]]>
    </failure>
  </testcase> <!-- validateRegistration -->
</testsuite> <!-- Different Automation Practice feature test -->
